<?xml version="1.0" encoding="UTF-8"?>
<!-- Generated by org.testng.reporters.JUnitReportReporter -->
<testsuite hostname="Prabhat" failures="0" tests="1" name="ProductDetailsTC" time="17.850" errors="0" timestamp="2025-07-08T20:17:18 IST" skipped="0">
  <testcase classname="ProductDetailsTC" name="BaseTest" time="17.850"/>
</testsuite> <!-- ProductDetailsTC -->
