<?xml version="1.0" encoding="UTF-8"?>
<!-- Generated by org.testng.reporters.JUnitReportReporter -->
<testsuite hostname="Prabhat" failures="0" tests="1" name="Tests.verifyCart" time="29.460" errors="0" timestamp="2025-07-19T15:06:14 IST" skipped="0">
  <testcase classname="Tests.verifyCart" name="BaseTest" time="29.460"/>
</testsuite> <!-- Tests.verifyCart -->
