<?xml version="1.0" encoding="UTF-8"?>
<!-- Generated by org.testng.reporters.JUnitReportReporter -->
<testsuite hostname="Prabhat" failures="0" tests="1" name="Tests.verifyCart" time="24.461" errors="0" timestamp="2025-07-26T17:05:32 IST" skipped="0">
  <testcase classname="Tests.verifyCart" name="testVerifyCart" time="24.461"/>
</testsuite> <!-- Tests.verifyCart -->
