<?xml version="1.0" encoding="UTF-8"?>
<!-- Generated by org.testng.reporters.JUnitReportReporter -->
<testsuite hostname="Prabhat" failures="0" tests="1" name="openAccTC" time="13.737" errors="0" timestamp="2025-07-01T22:49:24 IST" skipped="0">
  <testcase classname="openAccTC" name="loginTest" time="13.737"/>
</testsuite> <!-- openAccTC -->
