<?xml version="1.0" encoding="UTF-8"?>
<!-- Generated by org.testng.reporters.JUnitReportReporter -->
<testsuite hostname="Prabhat" failures="0" tests="1" name="Tests.ProductDetailsTC" time="46.784" errors="0" timestamp="2025-07-15T21:14:46 IST" skipped="0">
  <testcase classname="Tests.ProductDetailsTC" name="BaseTest" time="46.784"/>
</testsuite> <!-- Tests.ProductDetailsTC -->
