<?xml version="1.0" encoding="UTF-8"?>
<!-- Generated by org.testng.reporters.JUnitReportReporter -->
<testsuite hostname="Prabhat" failures="0" tests="1" name="Tests.verifyCart" time="100.766" errors="0" timestamp="2025-07-19T20:04:00 IST" skipped="0">
  <testcase classname="Tests.verifyCart" name="BaseTest" time="100.766"/>
</testsuite> <!-- Tests.verifyCart -->
