<?xml version="1.0" encoding="UTF-8"?>
<!-- Generated by org.testng.reporters.JUnitReportReporter -->
<testsuite hostname="Prabhat" failures="0" tests="1" name="ProductDetailsTC" time="23.628" errors="0" timestamp="2025-07-14T21:14:18 IST" skipped="0">
  <testcase classname="ProductDetailsTC" name="BaseTest" time="23.628"/>
</testsuite> <!-- ProductDetailsTC -->
