<?xml version="1.0" encoding="UTF-8"?>
<!-- Generated by org.testng.reporters.JUnitReportReporter -->
<testsuite hostname="Prabhat" failures="0" tests="1" name="LoginTC" time="10.968" errors="0" timestamp="2025-07-04T00:39:11 IST" skipped="0">
  <testcase classname="LoginTC" name="loginTest" time="10.968"/>
</testsuite> <!-- LoginTC -->
